<?xml version="1.0" encoding="UTF-8"?>
<testng-results ignored="0" total="2" passed="2" failed="0" skipped="0">
  <reporter-output>
  </reporter-output>
  <suite started-at="2024-02-22T13:22:35 IST" name="Default suite" finished-at="2024-02-22T13:22:46 IST" duration-ms="10833">
    <groups>
    </groups>
    <test started-at="2024-02-22T13:22:35 IST" name="Default test" finished-at="2024-02-22T13:22:46 IST" duration-ms="10833">
      <class name="demo_Codes.LoginTest">
        <test-method is-config="true" signature="setup()[pri:0, instance:demo_Codes.LoginTest@13e344d]" started-at="2024-02-22T13:22:35 IST" name="setup" finished-at="2024-02-22T13:22:44 IST" duration-ms="9094" status="PASS">
          <reporter-output>
          </reporter-output>
        </test-method> <!-- setup -->
        <test-method signature="testlogin()[pri:0, instance:demo_Codes.LoginTest@13e344d]" started-at="2024-02-22T13:22:44 IST" name="testlogin" finished-at="2024-02-22T13:22:46 IST" duration-ms="1504" status="PASS">
          <reporter-output>
          </reporter-output>
        </test-method> <!-- testlogin -->
        <test-method signature="validation()[pri:0, instance:demo_Codes.LoginTest@13e344d]" started-at="2024-02-22T13:22:46 IST" name="validation" finished-at="2024-02-22T13:22:46 IST" duration-ms="49" status="PASS">
          <reporter-output>
          </reporter-output>
        </test-method> <!-- validation -->
        <test-method is-config="true" signature="teardown()[pri:0, instance:demo_Codes.LoginTest@13e344d]" started-at="2024-02-22T13:22:46 IST" name="teardown" finished-at="2024-02-22T13:22:46 IST" duration-ms="144" status="PASS">
          <reporter-output>
          </reporter-output>
        </test-method> <!-- teardown -->
      </class> <!-- demo_Codes.LoginTest -->
    </test> <!-- Default test -->
  </suite> <!-- Default suite -->
</testng-results>
